#
# A fatal error has been detected by the Java Runtime Environment:
#
#  Internal Error (t:/workspace/open/src/hotspot/share/utilities/constantTag.cpp:65), pid=8968, tid=21832
#  Error: ShouldNotReachHere()
#
# JRE version: Java(TM) SE Runtime Environment (11.0.2+9) (build 11.0.2+9-LTS)
# Java VM: Java HotSpot(TM) 64-Bit Server VM (11.0.2+9-LTS, mixed mode, tiered, compressed oops, g1 gc, windows-amd64)
# No core dump will be written. Minidumps are not enabled by default on client versions of Windows
#
# If you would like to submit a bug report, please visit:
#   http://bugreport.java.com/bugreport/crash.jsp
#

---------------  S U M M A R Y ------------

Command Line: -agentlib:jdwp=transport=dt_socket,suspend=y,address=localhost:57899 -ea -javaagent:C:\Users\morga\eclipse\java-2020-03\eclipse\configuration\org.eclipse.osgi\223\0\.cp\lib\javaagent-shaded.jar -Dfile.encoding=UTF-8 org.eclipse.jdt.internal.junit.runner.RemoteTestRunner -version 3 -port 57898 -testLoaderClass org.eclipse.jdt.internal.junit4.runner.JUnit4TestLoader -loaderpluginname org.eclipse.jdt.junit4.runtime -classNames com.qa.ims.controller.ItemControllerTest

Host: Intel(R) Core(TM) i5-8300H CPU @ 2.30GHz, 8 cores, 11G,  Windows 10 , 64 bit Build 18362 (10.0.18362.900)
Time: Tue Jul 14 16:57:25 2020 GMT Summer Time elapsed time: 1920 seconds (0d 0h 32m 0s)

---------------  T H R E A D  ---------------

Current thread (0x000001897bf19000):  VMThread "VM Thread" [stack: 0x00000072ca800000,0x00000072ca900000] [id=21832]

Stack: [0x00000072ca800000,0x00000072ca900000]
[error occurred during error reporting (printing stack bounds), id 0xc0000005, EXCEPTION_ACCESS_VIOLATION (0xc0000005) at pc=0x00000189620a0bad]

Native frames: (J=compiled Java code, j=interpreted, Vv=VM code, C=native code)
V  [jvm.dll+0x63574a]
V  [jvm.dll+0x77326f]
V  [jvm.dll+0x77491a]
V  [jvm.dll+0x774f35]
V  [jvm.dll+0x774eeb]
V  [jvm.dll+0x634e56]
V  [jvm.dll+0x635218]
C  [ntdll.dll+0xa11cf]
C  [ntdll.dll+0x6a209]
C  [ntdll.dll+0x9fe3e]
C  0x00000189620a0bad

VM_Operation (0x00000072cb2ff0e0): GetOrSetLocal, mode: safepoint, requested by thread 0x000001897c292000


---------------  P R O C E S S  ---------------

Threads class SMR info:
_java_thread_list=0x000001897bf4ed10, length=14, elements={
0x00000189585ad000, 0x000001897bf4f000, 0x000001897bf45000, 0x000001897bfad800,
0x000001897bfae800, 0x000001897bfb0000, 0x000001897bf62800, 0x000001897bfbf000,
0x000001897c12d800, 0x000001897c292000, 0x000001897c295000, 0x000001897c296000,
0x000001897c309800, 0x000001897c732800
}

Java Threads: ( => current thread )
  0x00000189585ad000 JavaThread "main" [_thread_blocked, id=12860, stack(0x00000072ca200000,0x00000072ca300000)]
  0x000001897bf4f000 JavaThread "Reference Handler" daemon [_thread_blocked, id=22136, stack(0x00000072ca900000,0x00000072caa00000)]
  0x000001897bf45000 JavaThread "Finalizer" daemon [_thread_blocked, id=10948, stack(0x00000072caa00000,0x00000072cab00000)]
  0x000001897bfad800 JavaThread "Signal Dispatcher" daemon [_thread_blocked, id=18812, stack(0x00000072cab00000,0x00000072cac00000)]
  0x000001897bfae800 JavaThread "Attach Listener" daemon [_thread_blocked, id=21180, stack(0x00000072cac00000,0x00000072cad00000)]
  0x000001897bfb0000 JavaThread "C2 CompilerThread0" daemon [_thread_blocked, id=19580, stack(0x00000072cad00000,0x00000072cae00000)]
  0x000001897bf62800 JavaThread "C1 CompilerThread0" daemon [_thread_blocked, id=18620, stack(0x00000072cae00000,0x00000072caf00000)]
  0x000001897bfbf000 JavaThread "Sweeper thread" daemon [_thread_blocked, id=9712, stack(0x00000072caf00000,0x00000072cb000000)]
  0x000001897c12d800 JavaThread "Common-Cleaner" daemon [_thread_blocked, id=17936, stack(0x00000072cb000000,0x00000072cb100000)]
  0x000001897c292000 JavaThread "JDWP Transport Listener: dt_socket" daemon [_thread_blocked, id=16768, stack(0x00000072cb200000,0x00000072cb300000)] _threads_hazard_ptr=0x000001897bf4ed10
  0x000001897c295000 JavaThread "JDWP Event Helper Thread" daemon [_thread_blocked, id=18524, stack(0x00000072cb300000,0x00000072cb400000)]
  0x000001897c296000 JavaThread "JDWP Command Reader" daemon [_thread_in_native, id=19960, stack(0x00000072cb400000,0x00000072cb500000)]
  0x000001897c309800 JavaThread "Service Thread" daemon [_thread_blocked, id=728, stack(0x00000072cb500000,0x00000072cb600000)]
  0x000001897c732800 JavaThread "ReaderThread" [_thread_in_native, id=19568, stack(0x00000072cb700000,0x00000072cb800000)]

Other Threads:
=>0x000001897bf19000 VMThread "VM Thread" [stack: 0x00000072ca800000,0x00000072ca900000] [id=21832]
  0x000001897c542800 WatcherThread [stack: 0x00000072cb600000,0x00000072cb700000] [id=21128]
  0x00000189585c2800 GCTaskThread "GC Thread#0" [stack: 0x00000072ca300000,0x00000072ca400000] [id=22864]
  0x000001897d839800 GCTaskThread "GC Thread#1" [stack: 0x00000072cb800000,0x00000072cb900000] [id=5452]
  0x000001897cb68800 GCTaskThread "GC Thread#2" [stack: 0x00000072cb900000,0x00000072cba00000] [id=19780]
  0x000001897d48f800 GCTaskThread "GC Thread#3" [stack: 0x00000072cba00000,0x00000072cbb00000] [id=17444]
  0x0000018958608000 ConcurrentGCThread "G1 Main Marker" [stack: 0x00000072ca400000,0x00000072ca500000] [id=19144]
  0x000001895860a800 ConcurrentGCThread "G1 Conc#0" [stack: 0x00000072ca500000,0x00000072ca600000] [id=7772]
  0x000001897b57d800 ConcurrentGCThread "G1 Refine#0" [stack: 0x00000072ca600000,0x00000072ca700000] [id=17524]
  0x000001897b57e000 ConcurrentGCThread "G1 Young RemSet Sampling" [stack: 0x00000072ca700000,0x00000072ca800000] [id=19868]

Threads with active compile tasks:

VM state:at safepoint (normal execution)

VM Mutex/Monitor currently owned by a thread:  ([mutex/lock_event])
[0x00000189585a9e70] Threads_lock - owner thread: 0x000001897bf19000

Heap address: 0x0000000742600000, size: 3034 MB, Compressed Oops mode: Zero based, Oop shift amount: 3
Narrow klass base: 0x0000000800000000, Narrow klass shift: 0
Compressed class space size: 1073741824 Address: 0x0000000800000000

Heap:
 garbage-first heap   total 194560K, used 61053K [0x0000000742600000, 0x0000000800000000)
  region size 1024K, 61 young (62464K), 3 survivors (3072K)
 Metaspace       used 18212K, capacity 18456K, committed 18688K, reserved 1064960K
  class space    used 2170K, capacity 2261K, committed 2304K, reserved 1048576K
Heap Regions: E=young(eden), S=young(survivor), O=old, HS=humongous(starts), HC=humongous(continues), CS=collection set, F=free, A=archive, TAMS=top-at-mark-start (previous, next)
|   0|0x0000000742600000, 0x0000000742600000, 0x0000000742700000|  0%| F|  |TAMS 0x0000000742600000, 0x0000000742600000| Untracked 
|   1|0x0000000742700000, 0x0000000742700000, 0x0000000742800000|  0%| F|  |TAMS 0x0000000742700000, 0x0000000742700000| Untracked 
|   2|0x0000000742800000, 0x0000000742800000, 0x0000000742900000|  0%| F|  |TAMS 0x0000000742800000, 0x0000000742800000| Untracked 
|   3|0x0000000742900000, 0x0000000742900000, 0x0000000742a00000|  0%| F|  |TAMS 0x0000000742900000, 0x0000000742900000| Untracked 
|   4|0x0000000742a00000, 0x0000000742a00000, 0x0000000742b00000|  0%| F|  |TAMS 0x0000000742a00000, 0x0000000742a00000| Untracked 
|   5|0x0000000742b00000, 0x0000000742b00000, 0x0000000742c00000|  0%| F|  |TAMS 0x0000000742b00000, 0x0000000742b00000| Untracked 
|   6|0x0000000742c00000, 0x0000000742c00000, 0x0000000742d00000|  0%| F|  |TAMS 0x0000000742c00000, 0x0000000742c00000| Untracked 
|   7|0x0000000742d00000, 0x0000000742d00000, 0x0000000742e00000|  0%| F|  |TAMS 0x0000000742d00000, 0x0000000742d00000| Untracked 
|   8|0x0000000742e00000, 0x0000000742e00000, 0x0000000742f00000|  0%| F|  |TAMS 0x0000000742e00000, 0x0000000742e00000| Untracked 
|   9|0x0000000742f00000, 0x0000000742f00000, 0x0000000743000000|  0%| F|  |TAMS 0x0000000742f00000, 0x0000000742f00000| Untracked 
|  10|0x0000000743000000, 0x0000000743000000, 0x0000000743100000|  0%| F|  |TAMS 0x0000000743000000, 0x0000000743000000| Untracked 
|  11|0x0000000743100000, 0x0000000743100000, 0x0000000743200000|  0%| F|  |TAMS 0x0000000743100000, 0x0000000743100000| Untracked 
|  12|0x0000000743200000, 0x0000000743200000, 0x0000000743300000|  0%| F|  |TAMS 0x0000000743200000, 0x0000000743200000| Untracked 
|  13|0x0000000743300000, 0x0000000743300000, 0x0000000743400000|  0%| F|  |TAMS 0x0000000743300000, 0x0000000743300000| Untracked 
|  14|0x0000000743400000, 0x0000000743400000, 0x0000000743500000|  0%| F|  |TAMS 0x0000000743400000, 0x0000000743400000| Untracked 
|  15|0x0000000743500000, 0x0000000743500000, 0x0000000743600000|  0%| F|  |TAMS 0x0000000743500000, 0x0000000743500000| Untracked 
|  16|0x0000000743600000, 0x0000000743600000, 0x0000000743700000|  0%| F|  |TAMS 0x0000000743600000, 0x0000000743600000| Untracked 
|  17|0x0000000743700000, 0x0000000743700000, 0x0000000743800000|  0%| F|  |TAMS 0x0000000743700000, 0x0000000743700000| Untracked 
|  18|0x0000000743800000, 0x0000000743800000, 0x0000000743900000|  0%| F|  |TAMS 0x0000000743800000, 0x0000000743800000| Untracked 
|  19|0x0000000743900000, 0x0000000743900000, 0x0000000743a00000|  0%| F|  |TAMS 0x0000000743900000, 0x0000000743900000| Untracked 
|  20|0x0000000743a00000, 0x0000000743a00000, 0x0000000743b00000|  0%| F|  |TAMS 0x0000000743a00000, 0x0000000743a00000| Untracked 
|  21|0x0000000743b00000, 0x0000000743b00000, 0x0000000743c00000|  0%| F|  |TAMS 0x0000000743b00000, 0x0000000743b00000| Untracked 
|  22|0x0000000743c00000, 0x0000000743c00000, 0x0000000743d00000|  0%| F|  |TAMS 0x0000000743c00000, 0x0000000743c00000| Untracked 
|  23|0x0000000743d00000, 0x0000000743d00000, 0x0000000743e00000|  0%| F|  |TAMS 0x0000000743d00000, 0x0000000743d00000| Untracked 
|  24|0x0000000743e00000, 0x0000000743e00000, 0x0000000743f00000|  0%| F|  |TAMS 0x0000000743e00000, 0x0000000743e00000| Untracked 
|  25|0x0000000743f00000, 0x0000000743f00000, 0x0000000744000000|  0%| F|  |TAMS 0x0000000743f00000, 0x0000000743f00000| Untracked 
|  26|0x0000000744000000, 0x0000000744000000, 0x0000000744100000|  0%| F|  |TAMS 0x0000000744000000, 0x0000000744000000| Untracked 
|  27|0x0000000744100000, 0x0000000744100000, 0x0000000744200000|  0%| F|  |TAMS 0x0000000744100000, 0x0000000744100000| Untracked 
|  28|0x0000000744200000, 0x0000000744200000, 0x0000000744300000|  0%| F|  |TAMS 0x0000000744200000, 0x0000000744200000| Untracked 
|  29|0x0000000744300000, 0x0000000744300000, 0x0000000744400000|  0%| F|  |TAMS 0x0000000744300000, 0x0000000744300000| Untracked 
|  30|0x0000000744400000, 0x0000000744400000, 0x0000000744500000|  0%| F|  |TAMS 0x0000000744400000, 0x0000000744400000| Untracked 
|  31|0x0000000744500000, 0x0000000744500000, 0x0000000744600000|  0%| F|  |TAMS 0x0000000744500000, 0x0000000744500000| Untracked 
|  32|0x0000000744600000, 0x0000000744600000, 0x0000000744700000|  0%| F|  |TAMS 0x0000000744600000, 0x0000000744600000| Untracked 
|  33|0x0000000744700000, 0x0000000744700000, 0x0000000744800000|  0%| F|  |TAMS 0x0000000744700000, 0x0000000744700000| Untracked 
|  34|0x0000000744800000, 0x0000000744800000, 0x0000000744900000|  0%| F|  |TAMS 0x0000000744800000, 0x0000000744800000| Untracked 
|  35|0x0000000744900000, 0x0000000744900000, 0x0000000744a00000|  0%| F|  |TAMS 0x0000000744900000, 0x0000000744900000| Untracked 
|  36|0x0000000744a00000, 0x0000000744a00000, 0x0000000744b00000|  0%| F|  |TAMS 0x0000000744a00000, 0x0000000744a00000| Untracked 
|  37|0x0000000744b00000, 0x0000000744b00000, 0x0000000744c00000|  0%| F|  |TAMS 0x0000000744b00000, 0x0000000744b00000| Untracked 
|  38|0x0000000744c00000, 0x0000000744c00000, 0x0000000744d00000|  0%| F|  |TAMS 0x0000000744c00000, 0x0000000744c00000| Untracked 
|  39|0x0000000744d00000, 0x0000000744d00000, 0x0000000744e00000|  0%| F|  |TAMS 0x0000000744d00000, 0x0000000744d00000| Untracked 
|  40|0x0000000744e00000, 0x0000000744e00000, 0x0000000744f00000|  0%| F|  |TAMS 0x0000000744e00000, 0x0000000744e00000| Untracked 
|  41|0x0000000744f00000, 0x0000000744f00000, 0x0000000745000000|  0%| F|  |TAMS 0x0000000744f00000, 0x0000000744f00000| Untracked 
|  42|0x0000000745000000, 0x0000000745000000, 0x0000000745100000|  0%| F|  |TAMS 0x0000000745000000, 0x0000000745000000| Untracked 
|  43|0x0000000745100000, 0x0000000745100000, 0x0000000745200000|  0%| F|  |TAMS 0x0000000745100000, 0x0000000745100000| Untracked 
|  44|0x0000000745200000, 0x0000000745200000, 0x0000000745300000|  0%| F|  |TAMS 0x0000000745200000, 0x0000000745200000| Untracked 
|  45|0x0000000745300000, 0x0000000745300000, 0x0000000745400000|  0%| F|  |TAMS 0x0000000745300000, 0x0000000745300000| Untracked 
|  46|0x0000000745400000, 0x0000000745400000, 0x0000000745500000|  0%| F|  |TAMS 0x0000000745400000, 0x0000000745400000| Untracked 
|  47|0x0000000745500000, 0x0000000745500000, 0x0000000745600000|  0%| F|  |TAMS 0x0000000745500000, 0x0000000745500000| Untracked 
|  48|0x0000000745600000, 0x0000000745600000, 0x0000000745700000|  0%| F|  |TAMS 0x0000000745600000, 0x0000000745600000| Untracked 
|  49|0x0000000745700000, 0x0000000745700000, 0x0000000745800000|  0%| F|  |TAMS 0x0000000745700000, 0x0000000745700000| Untracked 
|  50|0x0000000745800000, 0x0000000745800000, 0x0000000745900000|  0%| F|  |TAMS 0x0000000745800000, 0x0000000745800000| Untracked 
|  51|0x0000000745900000, 0x0000000745900000, 0x0000000745a00000|  0%| F|  |TAMS 0x0000000745900000, 0x0000000745900000| Untracked 
|  52|0x0000000745a00000, 0x0000000745a00000, 0x0000000745b00000|  0%| F|  |TAMS 0x0000000745a00000, 0x0000000745a00000| Untracked 
|  53|0x0000000745b00000, 0x0000000745b00000, 0x0000000745c00000|  0%| F|  |TAMS 0x0000000745b00000, 0x0000000745b00000| Untracked 
|  54|0x0000000745c00000, 0x0000000745c00000, 0x0000000745d00000|  0%| F|  |TAMS 0x0000000745c00000, 0x0000000745c00000| Untracked 
|  55|0x0000000745d00000, 0x0000000745d00000, 0x0000000745e00000|  0%| F|  |TAMS 0x0000000745d00000, 0x0000000745d00000| Untracked 
|  56|0x0000000745e00000, 0x0000000745e00000, 0x0000000745f00000|  0%| F|  |TAMS 0x0000000745e00000, 0x0000000745e00000| Untracked 
|  57|0x0000000745f00000, 0x0000000745f00000, 0x0000000746000000|  0%| F|  |TAMS 0x0000000745f00000, 0x0000000745f00000| Untracked 
|  58|0x0000000746000000, 0x0000000746000000, 0x0000000746100000|  0%| F|  |TAMS 0x0000000746000000, 0x0000000746000000| Untracked 
|  59|0x0000000746100000, 0x0000000746100000, 0x0000000746200000|  0%| F|  |TAMS 0x0000000746100000, 0x0000000746100000| Untracked 
|  60|0x0000000746200000, 0x0000000746200000, 0x0000000746300000|  0%| F|  |TAMS 0x0000000746200000, 0x0000000746200000| Untracked 
|  61|0x0000000746300000, 0x0000000746300000, 0x0000000746400000|  0%| F|  |TAMS 0x0000000746300000, 0x0000000746300000| Untracked 
|  62|0x0000000746400000, 0x0000000746400000, 0x0000000746500000|  0%| F|  |TAMS 0x0000000746400000, 0x0000000746400000| Untracked 
|  63|0x0000000746500000, 0x0000000746500000, 0x0000000746600000|  0%| F|  |TAMS 0x0000000746500000, 0x0000000746500000| Untracked 
|  64|0x0000000746600000, 0x0000000746600000, 0x0000000746700000|  0%| F|  |TAMS 0x0000000746600000, 0x0000000746600000| Untracked 
|  65|0x0000000746700000, 0x0000000746700000, 0x0000000746800000|  0%| F|  |TAMS 0x0000000746700000, 0x0000000746700000| Untracked 
|  66|0x0000000746800000, 0x0000000746800000, 0x0000000746900000|  0%| F|  |TAMS 0x0000000746800000, 0x0000000746800000| Untracked 
|  67|0x0000000746900000, 0x0000000746900000, 0x0000000746a00000|  0%| F|  |TAMS 0x0000000746900000, 0x0000000746900000| Untracked 
|  68|0x0000000746a00000, 0x0000000746a00000, 0x0000000746b00000|  0%| F|  |TAMS 0x0000000746a00000, 0x0000000746a00000| Untracked 
|  69|0x0000000746b00000, 0x0000000746b00000, 0x0000000746c00000|  0%| F|  |TAMS 0x0000000746b00000, 0x0000000746b00000| Untracked 
|  70|0x0000000746c00000, 0x0000000746c00000, 0x0000000746d00000|  0%| F|  |TAMS 0x0000000746c00000, 0x0000000746c00000| Untracked 
|  71|0x0000000746d00000, 0x0000000746d00000, 0x0000000746e00000|  0%| F|  |TAMS 0x0000000746d00000, 0x0000000746d00000| Untracked 
|  72|0x0000000746e00000, 0x0000000746e00000, 0x0000000746f00000|  0%| F|  |TAMS 0x0000000746e00000, 0x0000000746e00000| Untracked 
|  73|0x0000000746f00000, 0x0000000746f00000, 0x0000000747000000|  0%| F|  |TAMS 0x0000000746f00000, 0x0000000746f00000| Untracked 
|  74|0x0000000747000000, 0x0000000747000000, 0x0000000747100000|  0%| F|  |TAMS 0x0000000747000000, 0x0000000747000000| Untracked 
|  75|0x0000000747100000, 0x0000000747100000, 0x0000000747200000|  0%| F|  |TAMS 0x0000000747100000, 0x0000000747100000| Untracked 
|  76|0x0000000747200000, 0x0000000747200000, 0x0000000747300000|  0%| F|  |TAMS 0x0000000747200000, 0x0000000747200000| Untracked 
|  77|0x0000000747300000, 0x0000000747300000, 0x0000000747400000|  0%| F|  |TAMS 0x0000000747300000, 0x0000000747300000| Untracked 
|  78|0x0000000747400000, 0x0000000747400000, 0x0000000747500000|  0%| F|  |TAMS 0x0000000747400000, 0x0000000747400000| Untracked 
|  79|0x0000000747500000, 0x0000000747500000, 0x0000000747600000|  0%| F|  |TAMS 0x0000000747500000, 0x0000000747500000| Untracked 
|  80|0x0000000747600000, 0x0000000747600000, 0x0000000747700000|  0%| F|  |TAMS 0x0000000747600000, 0x0000000747600000| Untracked 
|  81|0x0000000747700000, 0x0000000747700000, 0x0000000747800000|  0%| F|  |TAMS 0x0000000747700000, 0x0000000747700000| Untracked 
|  82|0x0000000747800000, 0x0000000747800000, 0x0000000747900000|  0%| F|  |TAMS 0x0000000747800000, 0x0000000747800000| Untracked 
|  83|0x0000000747900000, 0x0000000747900000, 0x0000000747a00000|  0%| F|  |TAMS 0x0000000747900000, 0x0000000747900000| Untracked 
|  84|0x0000000747a00000, 0x0000000747a00000, 0x0000000747b00000|  0%| F|  |TAMS 0x0000000747a00000, 0x0000000747a00000| Untracked 
|  85|0x0000000747b00000, 0x0000000747b00000, 0x0000000747c00000|  0%| F|  |TAMS 0x0000000747b00000, 0x0000000747b00000| Untracked 
|  86|0x0000000747c00000, 0x0000000747c00000, 0x0000000747d00000|  0%| F|  |TAMS 0x0000000747c00000, 0x0000000747c00000| Untracked 
|  87|0x0000000747d00000, 0x0000000747d00000, 0x0000000747e00000|  0%| F|  |TAMS 0x0000000747d00000, 0x0000000747d00000| Untracked 
|  88|0x0000000747e00000, 0x0000000747e00000, 0x0000000747f00000|  0%| F|  |TAMS 0x0000000747e00000, 0x0000000747e00000| Untracked 
|  89|0x0000000747f00000, 0x0000000747f00000, 0x0000000748000000|  0%| F|  |TAMS 0x0000000747f00000, 0x0000000747f00000| Untracked 
|  90|0x0000000748000000, 0x0000000748000000, 0x0000000748100000|  0%| F|  |TAMS 0x0000000748000000, 0x0000000748000000| Untracked 
|  91|0x0000000748100000, 0x0000000748100000, 0x0000000748200000|  0%| F|  |TAMS 0x0000000748100000, 0x0000000748100000| Untracked 
|  92|0x0000000748200000, 0x0000000748200000, 0x0000000748300000|  0%| F|  |TAMS 0x0000000748200000, 0x0000000748200000| Untracked 
|  93|0x0000000748300000, 0x0000000748300000, 0x0000000748400000|  0%| F|  |TAMS 0x0000000748300000, 0x0000000748300000| Untracked 
|  94|0x0000000748400000, 0x0000000748400000, 0x0000000748500000|  0%| F|  |TAMS 0x0000000748400000, 0x0000000748400000| Untracked 
|  95|0x0000000748500000, 0x0000000748500000, 0x0000000748600000|  0%| F|  |TAMS 0x0000000748500000, 0x0000000748500000| Untracked 
|  96|0x0000000748600000, 0x0000000748600000, 0x0000000748700000|  0%| F|  |TAMS 0x0000000748600000, 0x0000000748600000| Untracked 
|  97|0x0000000748700000, 0x0000000748700000, 0x0000000748800000|  0%| F|  |TAMS 0x0000000748700000, 0x0000000748700000| Untracked 
|  98|0x0000000748800000, 0x0000000748800000, 0x0000000748900000|  0%| F|  |TAMS 0x0000000748800000, 0x0000000748800000| Untracked 
|  99|0x0000000748900000, 0x0000000748900000, 0x0000000748a00000|  0%| F|  |TAMS 0x0000000748900000, 0x0000000748900000| Untracked 
| 100|0x0000000748a00000, 0x0000000748a00000, 0x0000000748b00000|  0%| F|  |TAMS 0x0000000748a00000, 0x0000000748a00000| Untracked 
| 101|0x0000000748b00000, 0x0000000748b00000, 0x0000000748c00000|  0%| F|  |TAMS 0x0000000748b00000, 0x0000000748b00000| Untracked 
| 102|0x0000000748c00000, 0x0000000748c00000, 0x0000000748d00000|  0%| F|  |TAMS 0x0000000748c00000, 0x0000000748c00000| Untracked 
| 103|0x0000000748d00000, 0x0000000748d00000, 0x0000000748e00000|  0%| F|  |TAMS 0x0000000748d00000, 0x0000000748d00000| Untracked 
| 104|0x0000000748e00000, 0x0000000748e00000, 0x0000000748f00000|  0%| F|  |TAMS 0x0000000748e00000, 0x0000000748e00000| Untracked 
| 105|0x0000000748f00000, 0x0000000748f00000, 0x0000000749000000|  0%| F|  |TAMS 0x0000000748f00000, 0x0000000748f00000| Untracked 
| 106|0x0000000749000000, 0x0000000749000000, 0x0000000749100000|  0%| F|  |TAMS 0x0000000749000000, 0x0000000749000000| Untracked 
| 107|0x0000000749100000, 0x0000000749100000, 0x0000000749200000|  0%| F|  |TAMS 0x0000000749100000, 0x0000000749100000| Untracked 
| 108|0x0000000749200000, 0x0000000749200000, 0x0000000749300000|  0%| F|  |TAMS 0x0000000749200000, 0x0000000749200000| Untracked 
| 109|0x0000000749300000, 0x0000000749300000, 0x0000000749400000|  0%| F|  |TAMS 0x0000000749300000, 0x0000000749300000| Untracked 
| 110|0x0000000749400000, 0x0000000749400000, 0x0000000749500000|  0%| F|  |TAMS 0x0000000749400000, 0x0000000749400000| Untracked 
| 111|0x0000000749500000, 0x0000000749500000, 0x0000000749600000|  0%| F|  |TAMS 0x0000000749500000, 0x0000000749500000| Untracked 
| 112|0x0000000749600000, 0x0000000749600000, 0x0000000749700000|  0%| F|  |TAMS 0x0000000749600000, 0x0000000749600000| Untracked 
| 113|0x0000000749700000, 0x0000000749700000, 0x0000000749800000|  0%| F|  |TAMS 0x0000000749700000, 0x0000000749700000| Untracked 
| 114|0x0000000749800000, 0x0000000749800000, 0x0000000749900000|  0%| F|  |TAMS 0x0000000749800000, 0x0000000749800000| Untracked 
| 115|0x0000000749900000, 0x0000000749900000, 0x0000000749a00000|  0%| F|  |TAMS 0x0000000749900000, 0x0000000749900000| Untracked 
| 116|0x0000000749a00000, 0x0000000749a00000, 0x0000000749b00000|  0%| F|  |TAMS 0x0000000749a00000, 0x0000000749a00000| Untracked 
| 117|0x0000000749b00000, 0x0000000749b00000, 0x0000000749c00000|  0%| F|  |TAMS 0x0000000749b00000, 0x0000000749b00000| Untracked 
| 118|0x0000000749c00000, 0x0000000749c00000, 0x0000000749d00000|  0%| F|  |TAMS 0x0000000749c00000, 0x0000000749c00000| Untracked 
| 119|0x0000000749d00000, 0x0000000749d00000, 0x0000000749e00000|  0%| F|  |TAMS 0x0000000749d00000, 0x0000000749d00000| Untracked 
| 120|0x0000000749e00000, 0x0000000749e00000, 0x0000000749f00000|  0%| F|  |TAMS 0x0000000749e00000, 0x0000000749e00000| Untracked 
| 121|0x0000000749f00000, 0x0000000749f00000, 0x000000074a000000|  0%| F|  |TAMS 0x0000000749f00000, 0x0000000749f00000| Untracked 
| 122|0x000000074a000000, 0x000000074a000000, 0x000000074a100000|  0%| F|  |TAMS 0x000000074a000000, 0x000000074a000000| Untracked 
| 123|0x000000074a100000, 0x000000074a100000, 0x000000074a200000|  0%| F|  |TAMS 0x000000074a100000, 0x000000074a100000| Untracked 
| 124|0x000000074a200000, 0x000000074a200000, 0x000000074a300000|  0%| F|  |TAMS 0x000000074a200000, 0x000000074a200000| Untracked 
| 125|0x000000074a300000, 0x000000074a300000, 0x000000074a400000|  0%| F|  |TAMS 0x000000074a300000, 0x000000074a300000| Untracked 
| 126|0x000000074a400000, 0x000000074a400000, 0x000000074a500000|  0%| F|  |TAMS 0x000000074a400000, 0x000000074a400000| Untracked 
| 127|0x000000074a500000, 0x000000074a500000, 0x000000074a600000|  0%| F|  |TAMS 0x000000074a500000, 0x000000074a500000| Untracked 
| 128|0x000000074a600000, 0x000000074a600000, 0x000000074a700000|  0%| F|  |TAMS 0x000000074a600000, 0x000000074a600000| Untracked 
| 129|0x000000074a700000, 0x000000074a780800, 0x000000074a800000| 50%| E|  |TAMS 0x000000074a700000, 0x000000074a700000| Complete 
| 130|0x000000074a800000, 0x000000074a900000, 0x000000074a900000|100%| E|CS|TAMS 0x000000074a800000, 0x000000074a800000| Complete 
| 131|0x000000074a900000, 0x000000074aa00000, 0x000000074aa00000|100%| E|CS|TAMS 0x000000074a900000, 0x000000074a900000| Complete 
| 132|0x000000074aa00000, 0x000000074ab00000, 0x000000074ab00000|100%| E|CS|TAMS 0x000000074aa00000, 0x000000074aa00000| Complete 
| 133|0x000000074ab00000, 0x000000074ac00000, 0x000000074ac00000|100%| E|CS|TAMS 0x000000074ab00000, 0x000000074ab00000| Complete 
| 134|0x000000074ac00000, 0x000000074ad00000, 0x000000074ad00000|100%| E|CS|TAMS 0x000000074ac00000, 0x000000074ac00000| Complete 
| 135|0x000000074ad00000, 0x000000074ae00000, 0x000000074ae00000|100%| E|CS|TAMS 0x000000074ad00000, 0x000000074ad00000| Complete 
| 136|0x000000074ae00000, 0x000000074af00000, 0x000000074af00000|100%| E|CS|TAMS 0x000000074ae00000, 0x000000074ae00000| Complete 
| 137|0x000000074af00000, 0x000000074b000000, 0x000000074b000000|100%| E|CS|TAMS 0x000000074af00000, 0x000000074af00000| Complete 
| 138|0x000000074b000000, 0x000000074b100000, 0x000000074b100000|100%| E|CS|TAMS 0x000000074b000000, 0x000000074b000000| Complete 
| 139|0x000000074b100000, 0x000000074b200000, 0x000000074b200000|100%| E|CS|TAMS 0x000000074b100000, 0x000000074b100000| Complete 
| 140|0x000000074b200000, 0x000000074b300000, 0x000000074b300000|100%| E|CS|TAMS 0x000000074b200000, 0x000000074b200000| Complete 
| 141|0x000000074b300000, 0x000000074b400000, 0x000000074b400000|100%| E|CS|TAMS 0x000000074b300000, 0x000000074b300000| Complete 
| 142|0x000000074b400000, 0x000000074b500000, 0x000000074b500000|100%| E|CS|TAMS 0x000000074b400000, 0x000000074b400000| Complete 
| 143|0x000000074b500000, 0x000000074b600000, 0x000000074b600000|100%| E|CS|TAMS 0x000000074b500000, 0x000000074b500000| Complete 
| 144|0x000000074b600000, 0x000000074b700000, 0x000000074b700000|100%| E|CS|TAMS 0x000000074b600000, 0x000000074b600000| Complete 
| 145|0x000000074b700000, 0x000000074b800000, 0x000000074b800000|100%| E|CS|TAMS 0x000000074b700000, 0x000000074b700000| Complete 
| 146|0x000000074b800000, 0x000000074b900000, 0x000000074b900000|100%| E|CS|TAMS 0x000000074b800000, 0x000000074b800000| Complete 
| 147|0x000000074b900000, 0x000000074ba00000, 0x000000074ba00000|100%| E|CS|TAMS 0x000000074b900000, 0x000000074b900000| Complete 
| 148|0x000000074ba00000, 0x000000074bb00000, 0x000000074bb00000|100%| E|CS|TAMS 0x000000074ba00000, 0x000000074ba00000| Complete 
| 149|0x000000074bb00000, 0x000000074bc00000, 0x000000074bc00000|100%| E|CS|TAMS 0x000000074bb00000, 0x000000074bb00000| Complete 
| 150|0x000000074bc00000, 0x000000074bd00000, 0x000000074bd00000|100%| E|CS|TAMS 0x000000074bc00000, 0x000000074bc00000| Complete 
| 151|0x000000074bd00000, 0x000000074be00000, 0x000000074be00000|100%| E|CS|TAMS 0x000000074bd00000, 0x000000074bd00000| Complete 
| 152|0x000000074be00000, 0x000000074bf00000, 0x000000074bf00000|100%| E|CS|TAMS 0x000000074be00000, 0x000000074be00000| Complete 
| 153|0x000000074bf00000, 0x000000074c000000, 0x000000074c000000|100%| E|CS|TAMS 0x000000074bf00000, 0x000000074bf00000| Complete 
| 154|0x000000074c000000, 0x000000074c100000, 0x000000074c100000|100%| E|CS|TAMS 0x000000074c000000, 0x000000074c000000| Complete 
| 155|0x000000074c100000, 0x000000074c200000, 0x000000074c200000|100%| E|CS|TAMS 0x000000074c100000, 0x000000074c100000| Complete 
| 156|0x000000074c200000, 0x000000074c300000, 0x000000074c300000|100%| E|CS|TAMS 0x000000074c200000, 0x000000074c200000| Complete 
| 157|0x000000074c300000, 0x000000074c400000, 0x000000074c400000|100%| E|CS|TAMS 0x000000074c300000, 0x000000074c300000| Complete 
| 158|0x000000074c400000, 0x000000074c500000, 0x000000074c500000|100%| E|CS|TAMS 0x000000074c400000, 0x000000074c400000| Complete 
| 159|0x000000074c500000, 0x000000074c600000, 0x000000074c600000|100%| E|CS|TAMS 0x000000074c500000, 0x000000074c500000| Complete 
| 160|0x000000074c600000, 0x000000074c700000, 0x000000074c700000|100%| E|CS|TAMS 0x000000074c600000, 0x000000074c600000| Complete 
| 161|0x000000074c700000, 0x000000074c800000, 0x000000074c800000|100%| E|CS|TAMS 0x000000074c700000, 0x000000074c700000| Complete 
| 162|0x000000074c800000, 0x000000074c900000, 0x000000074c900000|100%| E|CS|TAMS 0x000000074c800000, 0x000000074c800000| Complete 
| 163|0x000000074c900000, 0x000000074c99f530, 0x000000074ca00000| 62%| S|CS|TAMS 0x000000074c900000, 0x000000074c900000| Complete 
| 164|0x000000074ca00000, 0x000000074cb00000, 0x000000074cb00000|100%| S|CS|TAMS 0x000000074ca00000, 0x000000074ca00000| Complete 
| 165|0x000000074cb00000, 0x000000074cc00000, 0x000000074cc00000|100%| S|CS|TAMS 0x000000074cb00000, 0x000000074cb00000| Complete 
| 166|0x000000074cc00000, 0x000000074cd00000, 0x000000074cd00000|100%| E|CS|TAMS 0x000000074cc00000, 0x000000074cc00000| Complete 
| 167|0x000000074cd00000, 0x000000074ce00000, 0x000000074ce00000|100%| E|CS|TAMS 0x000000074cd00000, 0x000000074cd00000| Complete 
| 168|0x000000074ce00000, 0x000000074cf00000, 0x000000074cf00000|100%| E|CS|TAMS 0x000000074ce00000, 0x000000074ce00000| Complete 
| 169|0x000000074cf00000, 0x000000074d000000, 0x000000074d000000|100%| E|CS|TAMS 0x000000074cf00000, 0x000000074cf00000| Complete 
| 170|0x000000074d000000, 0x000000074d100000, 0x000000074d100000|100%| E|CS|TAMS 0x000000074d000000, 0x000000074d000000| Complete 
| 171|0x000000074d100000, 0x000000074d200000, 0x000000074d200000|100%| E|CS|TAMS 0x000000074d100000, 0x000000074d100000| Complete 
| 172|0x000000074d200000, 0x000000074d300000, 0x000000074d300000|100%| E|CS|TAMS 0x000000074d200000, 0x000000074d200000| Complete 
| 173|0x000000074d300000, 0x000000074d400000, 0x000000074d400000|100%| E|CS|TAMS 0x000000074d300000, 0x000000074d300000| Complete 
| 174|0x000000074d400000, 0x000000074d500000, 0x000000074d500000|100%| E|CS|TAMS 0x000000074d400000, 0x000000074d400000| Complete 
| 175|0x000000074d500000, 0x000000074d600000, 0x000000074d600000|100%| E|CS|TAMS 0x000000074d500000, 0x000000074d500000| Complete 
| 176|0x000000074d600000, 0x000000074d700000, 0x000000074d700000|100%| E|CS|TAMS 0x000000074d600000, 0x000000074d600000| Complete 
| 177|0x000000074d700000, 0x000000074d800000, 0x000000074d800000|100%| E|CS|TAMS 0x000000074d700000, 0x000000074d700000| Complete 
| 178|0x000000074d800000, 0x000000074d900000, 0x000000074d900000|100%| E|CS|TAMS 0x000000074d800000, 0x000000074d800000| Complete 
| 179|0x000000074d900000, 0x000000074da00000, 0x000000074da00000|100%| E|CS|TAMS 0x000000074d900000, 0x000000074d900000| Complete 
| 180|0x000000074da00000, 0x000000074db00000, 0x000000074db00000|100%| E|CS|TAMS 0x000000074da00000, 0x000000074da00000| Complete 
| 181|0x000000074db00000, 0x000000074dc00000, 0x000000074dc00000|100%| E|CS|TAMS 0x000000074db00000, 0x000000074db00000| Complete 
| 182|0x000000074dc00000, 0x000000074dd00000, 0x000000074dd00000|100%| E|CS|TAMS 0x000000074dc00000, 0x000000074dc00000| Complete 
| 183|0x000000074dd00000, 0x000000074de00000, 0x000000074de00000|100%| E|CS|TAMS 0x000000074dd00000, 0x000000074dd00000| Complete 
| 184|0x000000074de00000, 0x000000074df00000, 0x000000074df00000|100%| E|CS|TAMS 0x000000074de00000, 0x000000074de00000| Complete 
| 185|0x000000074df00000, 0x000000074e000000, 0x000000074e000000|100%| E|CS|TAMS 0x000000074df00000, 0x000000074df00000| Complete 
| 186|0x000000074e000000, 0x000000074e100000, 0x000000074e100000|100%| E|CS|TAMS 0x000000074e000000, 0x000000074e000000| Complete 
| 187|0x000000074e100000, 0x000000074e200000, 0x000000074e200000|100%| E|CS|TAMS 0x000000074e100000, 0x000000074e100000| Complete 
| 188|0x000000074e200000, 0x000000074e300000, 0x000000074e300000|100%| E|CS|TAMS 0x000000074e200000, 0x000000074e200000| Complete 
| 189|0x000000074e300000, 0x000000074e400000, 0x000000074e400000|100%| E|CS|TAMS 0x000000074e300000, 0x000000074e300000| Complete 

Card table byte_map: [0x0000018972100000,0x00000189726f0000] _byte_map_base: 0x000001896e6ed000

Marking Bits (Prev, Next): (CMBitMap*) 0x00000189585fb898, (CMBitMap*) 0x00000189585fb8d0
 Prev Bits: [0x0000018972ce0000, 0x0000018975c48000)
 Next Bits: [0x0000018975c50000, 0x0000018978bb8000)

Polling page: 0x00000189583a0000

Metaspace:

Usage:
  Non-class:     15.82 MB capacity,    15.67 MB (>99%) used,   130.09 KB ( <1%) free+waste,    23.50 KB ( <1%) overhead. 
      Class:      2.21 MB capacity,     2.12 MB ( 96%) used,    79.92 KB (  4%) free+waste,    10.19 KB ( <1%) overhead. 
       Both:     18.02 MB capacity,    17.79 MB ( 99%) used,   210.01 KB (  1%) free+waste,    33.69 KB ( <1%) overhead. 

Virtual space:
  Non-class space:       16.00 MB reserved,      16.00 MB (100%) committed 
      Class space:        1.00 GB reserved,       2.25 MB ( <1%) committed 
             Both:        1.02 GB reserved,      18.25 MB (  2%) committed 

Chunk freelists:
   Non-Class:  7.63 KB
       Class:  1.38 KB
        Both:  9.00 KB

CodeHeap 'non-profiled nmethods': size=120000Kb used=1198Kb max_used=1198Kb free=118801Kb
 bounds [0x0000018969b70000, 0x0000018969de0000, 0x00000189710a0000]
CodeHeap 'profiled nmethods': size=120000Kb used=4078Kb max_used=4078Kb free=115922Kb
 bounds [0x0000018962640000, 0x0000018962a40000, 0x0000018969b70000]
CodeHeap 'non-nmethods': size=5760Kb used=1194Kb max_used=1271Kb free=4565Kb
 bounds [0x00000189620a0000, 0x0000018962310000, 0x0000018962640000]
 total_blobs=2543 nmethods=1704 adapters=331
 compilation: enabled
              stopped_count=0, restarted_count=0
 full_count=0

Compilation events (10 events):
Event: 13.118 Thread 0x000001897bf62800 nmethod 1704 0x0000018962a39b90 code [0x0000018962a39e40, 0x0000018962a3aec0]
Event: 13.118 Thread 0x000001897bf62800 1703       1       java.lang.StackTraceElement::getClassName (5 bytes)
Event: 13.118 Thread 0x000001897bf62800 nmethod 1703 0x0000018969c71890 code [0x0000018969c71a40, 0x0000018969c71b58]
Event: 13.119 Thread 0x000001897bf62800 1706       3       java.lang.Character::charCount (12 bytes)
Event: 13.119 Thread 0x000001897bf62800 nmethod 1706 0x0000018962a3b410 code [0x0000018962a3b5c0, 0x0000018962a3b758]
Event: 13.642 Thread 0x000001897bfb0000 nmethod 1694 0x0000018969c71c10 code [0x0000018969c721e0, 0x0000018969c7c888]
Event: 13.643 Thread 0x000001897bfb0000 1697       4       org.eclipse.jdt.launching.internal.org.objectweb.asm.ClassReader::readCode (5089 bytes)
Event: 14.868 Thread 0x000001897bfb0000 nmethod 1697 0x0000018969c81010 code [0x0000018969c81840, 0x0000018969c91c80]
Event: 14.869 Thread 0x000001897bfb0000 1695       4       java.lang.String::<init> (74 bytes)
Event: 14.874 Thread 0x000001897bfb0000 nmethod 1695 0x0000018969c9b010 code [0x0000018969c9b1c0, 0x0000018969c9b878]

GC Heap History (2 events):
Event: 0.823 GC heap before
{Heap before GC invocations=0 (full 0):
 garbage-first heap   total 194560K, used 23552K [0x0000000742600000, 0x0000000800000000)
  region size 1024K, 24 young (24576K), 0 survivors (0K)
 Metaspace       used 12235K, capacity 12386K, committed 12544K, reserved 1060864K
  class space    used 1187K, capacity 1247K, committed 1280K, reserved 1048576K
}
Event: 0.827 GC heap after
{Heap after GC invocations=1 (full 0):
 garbage-first heap   total 194560K, used 2685K [0x0000000742600000, 0x0000000800000000)
  region size 1024K, 3 young (3072K), 3 survivors (3072K)
 Metaspace       used 12235K, capacity 12386K, committed 12544K, reserved 1060864K
  class space    used 1187K, capacity 1247K, committed 1280K, reserved 1048576K
}

Deoptimization events (10 events):
Event: 1.642 Thread 0x00000189585ad000 Uncommon trap: reason=unstable_if action=reinterpret pc=0x0000018969bde3e0 method=org.eclipse.jdt.launching.internal.org.objectweb.asm.Attribute.putAttributes(Lorg/eclipse/jdt/launching/internal/org/objectweb/asm/SymbolTable;IILorg/eclipse/jdt/launching/i
Event: 1.644 Thread 0x00000189585ad000 Uncommon trap: reason=unstable_if action=reinterpret pc=0x0000018969ba8f08 method=java.lang.StringUTF16.compress([CII)[B @ 13 c2
Event: 1.644 Thread 0x00000189585ad000 Uncommon trap: reason=unstable_if action=reinterpret pc=0x0000018969bbf1a8 method=java.lang.String.hashCode()I @ 22 c2
Event: 1.710 Thread 0x00000189585ad000 Uncommon trap: reason=unstable_if action=reinterpret pc=0x0000018969bc016c method=java.lang.String.startsWith(Ljava/lang/String;I)Z @ 14 c2
Event: 1.710 Thread 0x00000189585ad000 Uncommon trap: reason=unstable_if action=reinterpret pc=0x0000018969b97ca0 method=java.lang.String.startsWith(Ljava/lang/String;I)Z @ 14 c2
Event: 1.824 Thread 0x00000189585ad000 Uncommon trap: reason=unstable_if action=reinterpret pc=0x0000018969bdbf98 method=java.lang.StringLatin1.canEncode(I)Z @ 4 c2
Event: 1.824 Thread 0x00000189585ad000 Uncommon trap: reason=unstable_if action=reinterpret pc=0x0000018969bdd538 method=java.lang.AbstractStringBuilder.isLatin1()Z @ 10 c2
Event: 1.824 Thread 0x00000189585ad000 Uncommon trap: reason=unstable_if action=reinterpret pc=0x0000018969be6f7c method=java.lang.AbstractStringBuilder.isLatin1()Z @ 10 c2
Event: 1.840 Thread 0x00000189585ad000 Uncommon trap: reason=unstable_if action=reinterpret pc=0x0000018969bbd6c4 method=java.io.WinNTFileSystem.normalize(Ljava/lang/String;)Ljava/lang/String; @ 40 c2
Event: 1.843 Thread 0x00000189585ad000 Uncommon trap: reason=unstable_if action=reinterpret pc=0x0000018969c42134 method=org.eclipse.jdt.launching.internal.org.objectweb.asm.Attribute.computeAttributesSize(Lorg/eclipse/jdt/launching/internal/org/objectweb/asm/SymbolTable;II)I @ 16 c2

Classes redefined (10 events):
Event: 1009.278 Thread 0x000001897bf19000 redefined class name=com.qa.ims.controller.ItemControllerTest, count=13
Event: 1097.626 Thread 0x000001897bf19000 redefined class name=com.qa.ims.controller.ItemControllerTest, count=14
Event: 1309.098 Thread 0x000001897bf19000 redefined class name=com.qa.ims.controller.ItemControllerTest, count=15
Event: 1550.288 Thread 0x000001897bf19000 redefined class name=com.qa.ims.controller.ItemControllerTest, count=16
Event: 1617.624 Thread 0x000001897bf19000 redefined class name=com.qa.ims.controller.ItemControllerTest, count=17
Event: 1663.535 Thread 0x000001897bf19000 redefined class name=com.qa.ims.controller.ItemControllerTest, count=18
Event: 1702.303 Thread 0x000001897bf19000 redefined class name=com.qa.ims.controller.ItemControllerTest, count=19
Event: 1865.042 Thread 0x000001897bf19000 redefined class name=com.qa.ims.controller.ItemControllerTest, count=20
Event: 1894.840 Thread 0x000001897bf19000 redefined class name=com.qa.ims.controller.ItemController, count=1
Event: 1916.539 Thread 0x000001897bf19000 redefined class name=com.qa.ims.controller.ItemControllerTest, count=21

Internal exceptions (10 events):
Event: 1.776 Thread 0x00000189585ad000 Exception <a 'java/lang/ClassNotFoundException'{0x000000074aec83c8}: org/apache/log4j/ConsoleAppenderBeanInfo> (0x000000074aec83c8) thrown at [t:/workspace/open/src/hotspot/share/classfile/systemDictionary.cpp, line 231]
Event: 1.776 Thread 0x00000189585ad000 Exception <a 'java/lang/ClassNotFoundException'{0x000000074aecf2d0}: org/apache/log4j/WriterAppenderBeanInfo> (0x000000074aecf2d0) thrown at [t:/workspace/open/src/hotspot/share/classfile/systemDictionary.cpp, line 231]
Event: 1.777 Thread 0x00000189585ad000 Exception <a 'java/lang/ClassNotFoundException'{0x000000074aed6248}: org/apache/log4j/AppenderSkeletonBeanInfo> (0x000000074aed6248) thrown at [t:/workspace/open/src/hotspot/share/classfile/systemDictionary.cpp, line 231]
Event: 1.778 Thread 0x00000189585ad000 Exception <a 'java/lang/ClassNotFoundException'{0x000000074aedd608}: org/apache/log4j/AppenderSkeletonCustomizer> (0x000000074aedd608) thrown at [t:/workspace/open/src/hotspot/share/classfile/systemDictionary.cpp, line 231]
Event: 1.780 Thread 0x00000189585ad000 Exception <a 'java/lang/ClassNotFoundException'{0x000000074aef5310}: org/apache/log4j/WriterAppenderCustomizer> (0x000000074aef5310) thrown at [t:/workspace/open/src/hotspot/share/classfile/systemDictionary.cpp, line 231]
Event: 1.784 Thread 0x00000189585ad000 Exception <a 'java/lang/ClassNotFoundException'{0x000000074ad06128}: org/apache/log4j/ConsoleAppenderCustomizer> (0x000000074ad06128) thrown at [t:/workspace/open/src/hotspot/share/classfile/systemDictionary.cpp, line 231]
Event: 1.830 Thread 0x00000189585ad000 Exception <a 'java/lang/ClassNotFoundException'{0x000000074ac6b820}: org/apache/log4j/RollingFileAppenderBeanInfo> (0x000000074ac6b820) thrown at [t:/workspace/open/src/hotspot/share/classfile/systemDictionary.cpp, line 231]
Event: 1.831 Thread 0x00000189585ad000 Exception <a 'java/lang/ClassNotFoundException'{0x000000074ac725e0}: org/apache/log4j/FileAppenderBeanInfo> (0x000000074ac725e0) thrown at [t:/workspace/open/src/hotspot/share/classfile/systemDictionary.cpp, line 231]
Event: 1.832 Thread 0x00000189585ad000 Exception <a 'java/lang/ClassNotFoundException'{0x000000074ac78f68}: org/apache/log4j/FileAppenderCustomizer> (0x000000074ac78f68) thrown at [t:/workspace/open/src/hotspot/share/classfile/systemDictionary.cpp, line 231]
Event: 1.838 Thread 0x00000189585ad000 Exception <a 'java/lang/ClassNotFoundException'{0x000000074ac89418}: org/apache/log4j/RollingFileAppenderCustomizer> (0x000000074ac89418) thrown at [t:/workspace/open/src/hotspot/share/classfile/systemDictionary.cpp, line 231]

Events (10 events):
Event: 1919.574 Executing VM operation: GetOwnedMonitorInfo done
Event: 1920.312 Executing VM operation: GetFrameCount
Event: 1920.312 Executing VM operation: GetFrameCount done
Event: 1920.312 Executing VM operation: GetOwnedMonitorInfo
Event: 1920.312 Executing VM operation: GetOwnedMonitorInfo done
Event: 1920.313 Executing VM operation: GetCurrentContendedMonitor
Event: 1920.313 Executing VM operation: GetCurrentContendedMonitor done
Event: 1920.430 Executing VM operation: GetFrameLocation
Event: 1920.430 Executing VM operation: GetFrameLocation done
Event: 1920.430 Executing VM operation: GetOrSetLocal


Dynamic libraries:
0x00007ff6c7020000 - 0x00007ff6c7067000 	C:\Program Files\Java\jdk-11.0.2\bin\javaw.exe
0x00007fff1f940000 - 0x00007fff1fb30000 	C:\WINDOWS\SYSTEM32\ntdll.dll
0x00007fff1e350000 - 0x00007fff1e402000 	C:\WINDOWS\System32\KERNEL32.DLL
0x00007fff1ca40000 - 0x00007fff1cce4000 	C:\WINDOWS\System32\KERNELBASE.dll
0x00007fff1f300000 - 0x00007fff1f3a3000 	C:\WINDOWS\System32\ADVAPI32.dll
0x00007fff1ebc0000 - 0x00007fff1ec5e000 	C:\WINDOWS\System32\msvcrt.dll
0x00007fff1ef10000 - 0x00007fff1efa7000 	C:\WINDOWS\System32\sechost.dll
0x00007fff1e8f0000 - 0x00007fff1ea10000 	C:\WINDOWS\System32\RPCRT4.dll
0x00007fff1f480000 - 0x00007fff1f614000 	C:\WINDOWS\System32\USER32.dll
0x00007fff1ca10000 - 0x00007fff1ca31000 	C:\WINDOWS\System32\win32u.dll
0x00007fff1eee0000 - 0x00007fff1ef06000 	C:\WINDOWS\System32\GDI32.dll
0x00007fff1cf30000 - 0x00007fff1d0c5000 	C:\WINDOWS\System32\gdi32full.dll
0x00007fff1cd40000 - 0x00007fff1cdde000 	C:\WINDOWS\System32\msvcp_win.dll
0x00007fff1d8d0000 - 0x00007fff1d9ca000 	C:\WINDOWS\System32\ucrtbase.dll
0x00007fff00ea0000 - 0x00007fff01124000 	C:\WINDOWS\WinSxS\amd64_microsoft.windows.common-controls_6595b64144ccf1df_6.0.18362.900_none_e6beb9d913147d17\COMCTL32.dll
0x00007fff1efc0000 - 0x00007fff1f2f5000 	C:\WINDOWS\System32\combase.dll
0x00007fff17580000 - 0x00007fff1758a000 	C:\WINDOWS\SYSTEM32\VERSION.dll
0x00007fff1d0d0000 - 0x00007fff1d150000 	C:\WINDOWS\System32\bcryptPrimitives.dll
0x00007fff1ea10000 - 0x00007fff1ea3e000 	C:\WINDOWS\System32\IMM32.DLL
0x00007fff01450000 - 0x00007fff01466000 	C:\Program Files\Java\jdk-11.0.2\bin\vcruntime140.dll
0x00007ffe92e00000 - 0x00007ffe92eaa000 	C:\Program Files\Java\jdk-11.0.2\bin\msvcp140.dll
0x00007ffeaec10000 - 0x00007ffeaf737000 	C:\Program Files\Java\jdk-11.0.2\bin\server\jvm.dll
0x00007fff1efb0000 - 0x00007fff1efb8000 	C:\WINDOWS\System32\PSAPI.DLL
0x00007ffefff60000 - 0x00007ffefff69000 	C:\WINDOWS\SYSTEM32\WSOCK32.dll
0x00007fff1a420000 - 0x00007fff1a444000 	C:\WINDOWS\SYSTEM32\WINMM.dll
0x00007fff1ec60000 - 0x00007fff1eccf000 	C:\WINDOWS\System32\WS2_32.dll
0x00007fff1a3f0000 - 0x00007fff1a41d000 	C:\WINDOWS\SYSTEM32\winmmbase.dll
0x00007fff1ccf0000 - 0x00007fff1cd3a000 	C:\WINDOWS\System32\cfgmgr32.dll
0x00007fff1c810000 - 0x00007fff1c821000 	C:\WINDOWS\System32\kernel.appcore.dll
0x00007fff07bf0000 - 0x00007fff07c01000 	C:\Program Files\Java\jdk-11.0.2\bin\verify.dll
0x00007fff0b010000 - 0x00007fff0b204000 	C:\WINDOWS\SYSTEM32\DBGHELP.DLL
0x00007fff09230000 - 0x00007fff0925a000 	C:\WINDOWS\SYSTEM32\dbgcore.DLL
0x00007fff01f90000 - 0x00007fff01fb9000 	C:\Program Files\Java\jdk-11.0.2\bin\java.dll
0x00007ffef1a40000 - 0x00007ffef1a77000 	C:\Program Files\Java\jdk-11.0.2\bin\jdwp.dll
0x00007ffee6fb0000 - 0x00007ffee6fdf000 	C:\Program Files\Java\jdk-11.0.2\bin\instrument.dll
0x00007fff01d60000 - 0x00007fff01d76000 	C:\Program Files\Java\jdk-11.0.2\bin\zip.dll
0x00007fff106e0000 - 0x00007fff106ea000 	C:\Program Files\Java\jdk-11.0.2\bin\jimage.dll
0x00007fff1dc60000 - 0x00007fff1e346000 	C:\WINDOWS\System32\SHELL32.dll
0x00007fff1f3d0000 - 0x00007fff1f479000 	C:\WINDOWS\System32\shcore.dll
0x00007fff1d150000 - 0x00007fff1d8d0000 	C:\WINDOWS\System32\windows.storage.dll
0x00007fff1c880000 - 0x00007fff1c8a3000 	C:\WINDOWS\System32\profapi.dll
0x00007fff1c830000 - 0x00007fff1c87a000 	C:\WINDOWS\System32\powrprof.dll
0x00007fff1c800000 - 0x00007fff1c810000 	C:\WINDOWS\System32\UMPDC.dll
0x00007fff1f820000 - 0x00007fff1f872000 	C:\WINDOWS\System32\shlwapi.dll
0x00007fff1d9d0000 - 0x00007fff1d9e7000 	C:\WINDOWS\System32\cryptsp.dll
0x00007fff09a30000 - 0x00007fff09a3a000 	C:\Program Files\Java\jdk-11.0.2\bin\dt_socket.dll
0x00007fff1c070000 - 0x00007fff1c0d7000 	C:\WINDOWS\System32\mswsock.dll
0x00007fff1bdb0000 - 0x00007fff1be7b000 	C:\WINDOWS\SYSTEM32\DNSAPI.dll
0x00007fff1ea40000 - 0x00007fff1ea48000 	C:\WINDOWS\System32\NSI.dll
0x00007fff1bd20000 - 0x00007fff1bd5a000 	C:\WINDOWS\SYSTEM32\IPHLPAPI.DLL
0x00007fff14d10000 - 0x00007fff14d87000 	C:\WINDOWS\System32\fwpuclnt.dll
0x00007fff1c8d0000 - 0x00007fff1c8f6000 	C:\WINDOWS\System32\bcrypt.dll
0x00007fff10c20000 - 0x00007fff10c2a000 	C:\Windows\System32\rasadhlp.dll
0x00007fff01d10000 - 0x00007fff01d29000 	C:\Program Files\Java\jdk-11.0.2\bin\net.dll
0x00007fff118a0000 - 0x00007fff11a76000 	C:\WINDOWS\SYSTEM32\urlmon.dll
0x00007fff17c40000 - 0x00007fff17d30000 	C:\WINDOWS\SYSTEM32\WINHTTP.dll
0x00007fff148d0000 - 0x00007fff14b76000 	C:\WINDOWS\SYSTEM32\iertutil.dll
0x00007fff1c240000 - 0x00007fff1c24c000 	C:\WINDOWS\SYSTEM32\CRYPTBASE.DLL
0x00007fff01cd0000 - 0x00007fff01ce3000 	C:\Program Files\Java\jdk-11.0.2\bin\nio.dll

dbghelp: loaded successfully - version: 4.0.5 - missing functions: none
symbol engine: initialized successfully - sym options: 0x614 - pdb path: .;C:\Program Files\Java\jdk-11.0.2\bin;C:\WINDOWS\SYSTEM32;C:\WINDOWS\WinSxS\amd64_microsoft.windows.common-controls_6595b64144ccf1df_6.0.18362.900_none_e6beb9d913147d17;C:\Program Files\Java\jdk-11.0.2\bin\server

VM Arguments:
jvm_args: -agentlib:jdwp=transport=dt_socket,suspend=y,address=localhost:57899 -ea -javaagent:C:\Users\morga\eclipse\java-2020-03\eclipse\configuration\org.eclipse.osgi\223\0\.cp\lib\javaagent-shaded.jar -Dfile.encoding=UTF-8 
java_command: org.eclipse.jdt.internal.junit.runner.RemoteTestRunner -version 3 -port 57898 -testLoaderClass org.eclipse.jdt.internal.junit4.runner.JUnit4TestLoader -loaderpluginname org.eclipse.jdt.junit4.runtime -classNames com.qa.ims.controller.ItemControllerTest
java_class_path (initial): C:\Users\morga\OneDrive\Documents\QA\ims-project-morgan\target\test-classes;C:\Users\morga\OneDrive\Documents\QA\ims-project-morgan\target\classes;C:\Users\morga\.m2\repository\mysql\mysql-connector-java\8.0.19\mysql-connector-java-8.0.19.jar;C:\Users\morga\.m2\repository\com\google\protobuf\protobuf-java\3.6.1\protobuf-java-3.6.1.jar;C:\Users\morga\.m2\repository\log4j\log4j\1.2.17\log4j-1.2.17.jar;C:\Users\morga\.m2\repository\org\mockito\mockito-core\3.2.4\mockito-core-3.2.4.jar;C:\Users\morga\.m2\repository\net\bytebuddy\byte-buddy\1.10.5\byte-buddy-1.10.5.jar;C:\Users\morga\.m2\repository\net\bytebuddy\byte-buddy-agent\1.10.5\byte-buddy-agent-1.10.5.jar;C:\Users\morga\.m2\repository\org\objenesis\objenesis\2.6\objenesis-2.6.jar;C:\Users\morga\.m2\repository\junit\junit\4.12\junit-4.12.jar;C:\Users\morga\.m2\repository\org\hamcrest\hamcrest-core\1.3\hamcrest-core-1.3.jar;C:\Users\morga\eclipse\java-2020-03\eclipse\configuration\org.eclipse.osgi\221\0\.cp;C:\Users\morga\eclipse\java-2020-03\eclipse\configuration\org.eclipse.osgi\220\0\.cp
Launcher Type: SUN_STANDARD

[Global flags]
     intx CICompilerCount                          = 4                                         {product} {ergonomic}
     uint ConcGCThreads                            = 2                                         {product} {ergonomic}
     uint G1ConcRefinementThreads                  = 8                                         {product} {ergonomic}
   size_t G1HeapRegionSize                         = 1048576                                   {product} {ergonomic}
    uintx GCDrainStackTargetSize                   = 64                                        {product} {ergonomic}
   size_t InitialHeapSize                          = 199229440                                 {product} {ergonomic}
   size_t MarkStackSize                            = 4194304                                   {product} {ergonomic}
   size_t MaxHeapSize                              = 3181379584                                {product} {ergonomic}
   size_t MaxNewSize                               = 1908408320                                {product} {ergonomic}
   size_t MinHeapDeltaBytes                        = 1048576                                   {product} {ergonomic}
    uintx NonNMethodCodeHeapSize                   = 5835340                                {pd product} {ergonomic}
    uintx NonProfiledCodeHeapSize                  = 122911450                              {pd product} {ergonomic}
    uintx ProfiledCodeHeapSize                     = 122911450                              {pd product} {ergonomic}
    uintx ReservedCodeCacheSize                    = 251658240                              {pd product} {ergonomic}
     bool SegmentedCodeCache                       = true                                      {product} {ergonomic}
     bool UseCompressedClassPointers               = true                                 {lp64_product} {ergonomic}
     bool UseCompressedOops                        = true                                 {lp64_product} {ergonomic}
     bool UseG1GC                                  = true                                      {product} {ergonomic}
     bool UseLargePagesIndividualAllocation        = false                                  {pd product} {ergonomic}

Logging:
Log output configuration:
 #0: stdout all=warning uptime,level,tags
 #1: stderr all=off uptime,level,tags

Environment Variables:
PATH=C:/Program Files/Java/jdk-11.0.2/bin/server;C:/Program Files/Java/jdk-11.0.2/bin;C:\Python27\;C:\Python27\Scripts;C:\Program Files (x86)\Intel\Intel(R) Management Engine Components\iCLS\;C:\Program Files\Intel\Intel(R) Management Engine Components\iCLS\;C:\Windows\system32;C:\Windows;C:\Windows\System32\Wbem;C:\Windows\System32\WindowsPowerShell\v1.0\;C:\Windows\System32\OpenSSH\;C:\Program Files (x86)\Intel\Intel(R) Management Engine Components\DAL;C:\Program Files\Intel\Intel(R) Management Engine Components\DAL;C:\Program Files (x86)\Intel\Intel(R) Management Engine Components\IPT;C:\Program Files\Intel\Intel(R) Management Engine Components\IPT;C:\Program Files\NVIDIA Corporation\NVIDIA NvDLISR;C:\Program Files (x86)\NVIDIA Corporation\PhysX\Common;C:\Program Files\Git\cmd;C:\WINDOWS\system32;C:\WINDOWS;C:\WINDOWS\System32\Wbem;C:\WINDOWS\System32\WindowsPowerShell\v1.0\;C:\WINDOWS\System32\OpenSSH\;C:\ProgramData\chocolatey\bin;C:\Program Files\nodejs\;C:\Program Files\Java\jdk-11.0.7\bin;C:\Program Files\Maven\apache-maven-3.6.3\bin;C:\Program Files\MySQL\MySQL Shell 8.0\bin\;C:\Users\morga\AppData\Local\Programs\Python\Python37-32\Scripts\;C:\Users\morga\AppData\Local\Programs\Python\Python37-32\;C:\Users\morga\AppData\Local\Microsoft\WindowsApps;C:\Users\morga\AppData\Local\Programs\Microsoft VS Code\bin;C:\Program Files\MongoDB\Server\4.2\bin\;C:\Program Files\heroku\bin;C:\Users\morga\AppData\Roaming\npm;C:\Program Files\Java\jdk-11.0.7\bin;C:\Program Files\Maven\apache-maven-3.6.3\bin;;C:\WINDOWS\system32;
USERNAME=morga
OS=Windows_NT
PROCESSOR_IDENTIFIER=Intel64 Family 6 Model 158 Stepping 10, GenuineIntel



---------------  S Y S T E M  ---------------

OS: Windows 10 , 64 bit Build 18362 (10.0.18362.900)

CPU:total 8 (initial active 8) (4 cores per cpu, 2 threads per core) family 6 model 158 stepping 10, cmov, cx8, fxsr, mmx, sse, sse2, sse3, ssse3, sse4.1, sse4.2, popcnt, avx, avx2, aes, clmul, erms, 3dnowpref, lzcnt, ht, tsc, tscinvbit, bmi1, bmi2, adx, fma

Memory: 4k page, system-wide physical 12130M (3126M free)
TotalPageFile size 26531M (AvailPageFile size 4029M)
current process WorkingSet (physical memory assigned to process): 104M, peak: 171M
current process commit charge ("private bytes"): 292M, peak: 344M

vm_info: Java HotSpot(TM) 64-Bit Server VM (11.0.2+9-LTS) for windows-amd64 JRE (11.0.2+9-LTS), built on Jan 18 2019 05:24:10 by "mach5one" with MS VC++ 15.5 (VS2017)

END.
